<?xml version="1.0" encoding="UTF-8"?>
<!-- Generated by org.testng.reporters.JUnitXMLReporter -->
<testsuite ignored="0" hostname="macs-iMac-2.local" failures="0" tests="3" name="Run on FIREFOX" time="14.592" errors="0" timestamp="29 Mar 2023 09:07:33 GMT">
  <testcase classname="com.nopcommerce.user.User_00_Registation_Login_Nopcommerce" name="User_00_Register_TO_System" time="3.036"/>
  <testcase classname="com.nopcommerce.user.User_00_Registation_Login_Nopcommerce" name="User_01_Login_To_System" time="2.248"/>
  <testcase classname="com.nopcommerce.user.User_00_Registation_Login_Nopcommerce" name="User_02_Swith_To_DiffirentPage" time="3.055"/>
</testsuite> <!-- Run on FIREFOX -->
