<?xml version="1.0" encoding="UTF-8"?>
<!-- Generated by org.testng.reporters.JUnitXMLReporter -->
<testsuite ignored="0" hostname="thaodesktop" failures="1" tests="3" name="Run on FIREFOX" time="17.004" errors="0" timestamp="19 May 2023 08:43:31 GMT">
  <testcase classname="com.nopcommerce.user.User_00_Registation_Login_Nopcommerce" name="User_00_Register_TO_System" time="4.348"/>
  <testcase classname="com.nopcommerce.user.User_00_Registation_Login_Nopcommerce" name="User_01_Login_To_System" time="2.459">
    <failure type="java.lang.AssertionError" message="expected [false] but found [true]">
      <![CDATA[java.lang.AssertionError: expected [false] but found [true]
at com.nopcommerce.user.User_00_Registation_Login_Nopcommerce.User_01_Login_To_System(User_00_Registation_Login_Nopcommerce.java:90)
... Removed 29 stack frames]]>
    </failure>
  </testcase> <!-- User_01_Login_To_System -->
  <testcase classname="com.nopcommerce.user.User_00_Registation_Login_Nopcommerce" name="User_02_Swith_To_DiffirentPage" time="4.436"/>
</testsuite> <!-- Run on FIREFOX -->
