<?xml version="1.0" encoding="UTF-8"?>
<testng-results ignored="0" total="1" passed="1" failed="0" skipped="0">
  <reporter-output>
    <line>
      <![CDATA[About to begin executing Class Run on FIREFOX]]>
    </line>
    <line>
      <![CDATA[About to begin executing Class Run on FIREFOX]]>
    </line>
    <line>
      <![CDATA[[DEBUG] [19-05-2023 15:00:22] Before invocation of beforeClass
]]>
    </line>
    <line>
      <![CDATA[[DEBUG] [19-05-2023 15:00:22] Resolution firefox=102 in cache (valid until 15:30:53 19/05/2023 ICT)
]]>
    </line>
    <line>
      <![CDATA[[DEBUG] [19-05-2023 15:00:22] Resolution firefox102=0.31.0 in cache (valid until 11:17:53 20/05/2023 ICT)
]]>
    </line>
    <line>
      <![CDATA[[INFO ] [19-05-2023 15:00:22] Using geckodriver 0.31.0 (resolved driver for Firefox 102)
]]>
    </line>
    <line>
      <![CDATA[[TRACE] [19-05-2023 15:00:22] Checking if geckodriver exists in cache
]]>
    </line>
    <line>
      <![CDATA[[TRACE] [19-05-2023 15:00:22] Filter cache by geckodriver -- input list [/home/thao/.cache/selenium/chromedriver/linux64/113.0.5672.63/chromedriver, /home/thao/.cache/selenium/geckodriver/linux64/0.31.0/geckodriver, /home/thao/.cache/selenium/resolution.properties] -- output list [/home/thao/.cache/selenium/geckodriver/linux64/0.31.0/geckodriver] 
]]>
    </line>
    <line>
      <![CDATA[[TRACE] [19-05-2023 15:00:22] Filter cache by 0.31.0 -- input list [/home/thao/.cache/selenium/geckodriver/linux64/0.31.0/geckodriver] -- output list [/home/thao/.cache/selenium/geckodriver/linux64/0.31.0/geckodriver] 
]]>
    </line>
    <line>
      <![CDATA[[TRACE] [19-05-2023 15:00:22] Filter cache by LINUX -- input list [/home/thao/.cache/selenium/geckodriver/linux64/0.31.0/geckodriver] -- output list [/home/thao/.cache/selenium/geckodriver/linux64/0.31.0/geckodriver] 
]]>
    </line>
    <line>
      <![CDATA[[DEBUG] [19-05-2023 15:00:22] Driver geckodriver 0.31.0 found in cache
]]>
    </line>
    <line>
      <![CDATA[[INFO ] [19-05-2023 15:00:22] Exporting webdriver.gecko.driver as /home/thao/.cache/selenium/geckodriver/linux64/0.31.0/geckodriver
]]>
    </line>
    <line>
      <![CDATA[[DEBUG] [19-05-2023 15:00:27] After invocation of beforeClass
]]>
    </line>
    <line>
      <![CDATA[Testcase User_00_Register_TO_System started successfully]]>
    </line>
    <line>
      <![CDATA[Testcase User_00_Register_TO_System started successfully]]>
    </line>
    <line>
      <![CDATA[[DEBUG] [19-05-2023 15:00:27] Before invocation of User_00_Register_TO_System
]]>
    </line>
    <line>
      <![CDATA[[INFO ] [19-05-2023 15:00:27] Register - Step 01: Navigate to 'Home' page
]]>
    </line>
    <line>
      <![CDATA[[INFO ] [19-05-2023 15:00:27] Register - Step 02: Click to 'Register' link 
]]>
    </line>
    <line>
      <![CDATA[[INFO ] [19-05-2023 15:00:28] Register - Step 03: Navigate to 'Register' page 
]]>
    </line>
    <line>
      <![CDATA[[INFO ] [19-05-2023 15:00:28] Register - Step 04: Click to 'Female' gender 
]]>
    </line>
    <line>
      <![CDATA[[INFO ] [19-05-2023 15:00:28] Register - Step 05: Enter to Firstname texbox with value is + 'firstName' + 
]]>
    </line>
    <line>
      <![CDATA[[INFO ] [19-05-2023 15:00:28] Register - Step 06: Enter to lastName textbox with value is + 'lastName'+ 
]]>
    </line>
    <line>
      <![CDATA[[INFO ] [19-05-2023 15:00:28] Register - Step 07: Select to day of birth dropdown
]]>
    </line>
    <line>
      <![CDATA[[INFO ] [19-05-2023 15:00:29] Register - Step 08: Select to month of birth dropdown
]]>
    </line>
    <line>
      <![CDATA[[INFO ] [19-05-2023 15:00:29] Register - Step 09: Select to year of birth dropdown
]]>
    </line>
    <line>
      <![CDATA[[INFO ] [19-05-2023 15:00:29] Register - Step 10 : Enter to Email textbox with value is + 'emailAdress'+
]]>
    </line>
    <line>
      <![CDATA[[INFO ] [19-05-2023 15:00:29] Register - Step 11 : Enter to companyName textbox with value is + 'companyName'+ 
]]>
    </line>
    <line>
      <![CDATA[[INFO ] [19-05-2023 15:00:29] Register - Step 12 : Enter to confirm Userpassword textbox with value is + 'userPassword'+
]]>
    </line>
    <line>
      <![CDATA[[INFO ] [19-05-2023 15:00:30] Register - Step 13 : Enter to Userpassword textbox with value is + 'userPassword'+
]]>
    </line>
    <line>
      <![CDATA[[INFO ] [19-05-2023 15:00:30] Register- Step 14: Click to Register button
]]>
    </line>
    <line>
      <![CDATA[[INFO ] [19-05-2023 15:00:31] Register - Step 15: Verify get registered sucess message
]]>
    </line>
    <line>
      <![CDATA[[DEBUG] [19-05-2023 15:00:31] After invocation of User_00_Register_TO_System
]]>
    </line>
    <line>
      <![CDATA[Testcase User_00_Register_TO_System passed successfully]]>
    </line>
    <line>
      <![CDATA[Testcase User_00_Register_TO_System passed successfully]]>
    </line>
    <line>
      <![CDATA[[DEBUG] [19-05-2023 15:00:31] Before invocation of afterClass
]]>
    </line>
    <line>
      <![CDATA[[DEBUG] [19-05-2023 15:00:31] After invocation of afterClass
]]>
    </line>
  </reporter-output>
  <suite started-at="2023-05-19T08:00:22Z" name="Nopcommerce" finished-at="2023-05-19T08:00:31Z" duration-ms="9837">
    <groups>
    </groups>
    <test started-at="2023-05-19T08:00:22Z" name="Run on FIREFOX" finished-at="2023-05-19T08:00:31Z" duration-ms="9837">
      <class name="com.nopcommerce.user.User_00_Registation_Login_Nopcommerce">
        <test-method is-config="true" signature="beforeClass(java.lang.String, java.lang.String)[pri:0, instance:com.nopcommerce.user.User_00_Registation_Login_Nopcommerce@64a8c844]" started-at="2023-05-19T08:00:22Z" name="beforeClass" finished-at="2023-05-19T08:00:27Z" duration-ms="5014" status="PASS">
          <params>
            <param index="0">
              <value>
                <![CDATA[Firefox]]>
              </value>
            </param>
            <param index="1">
              <value>
                <![CDATA[https://demo.nopcommerce.com/]]>
              </value>
            </param>
          </params>
          <reporter-output>
            <line>
              <![CDATA[[DEBUG] [19-05-2023 15:00:22] Resolution firefox=102 in cache (valid until 15:30:53 19/05/2023 ICT)
]]>
            </line>
            <line>
              <![CDATA[[DEBUG] [19-05-2023 15:00:22] Resolution firefox102=0.31.0 in cache (valid until 11:17:53 20/05/2023 ICT)
]]>
            </line>
            <line>
              <![CDATA[[INFO ] [19-05-2023 15:00:22] Using geckodriver 0.31.0 (resolved driver for Firefox 102)
]]>
            </line>
            <line>
              <![CDATA[[TRACE] [19-05-2023 15:00:22] Checking if geckodriver exists in cache
]]>
            </line>
            <line>
              <![CDATA[[TRACE] [19-05-2023 15:00:22] Filter cache by geckodriver -- input list [/home/thao/.cache/selenium/chromedriver/linux64/113.0.5672.63/chromedriver, /home/thao/.cache/selenium/geckodriver/linux64/0.31.0/geckodriver, /home/thao/.cache/selenium/resolution.properties] -- output list [/home/thao/.cache/selenium/geckodriver/linux64/0.31.0/geckodriver] 
]]>
            </line>
            <line>
              <![CDATA[[TRACE] [19-05-2023 15:00:22] Filter cache by 0.31.0 -- input list [/home/thao/.cache/selenium/geckodriver/linux64/0.31.0/geckodriver] -- output list [/home/thao/.cache/selenium/geckodriver/linux64/0.31.0/geckodriver] 
]]>
            </line>
            <line>
              <![CDATA[[TRACE] [19-05-2023 15:00:22] Filter cache by LINUX -- input list [/home/thao/.cache/selenium/geckodriver/linux64/0.31.0/geckodriver] -- output list [/home/thao/.cache/selenium/geckodriver/linux64/0.31.0/geckodriver] 
]]>
            </line>
            <line>
              <![CDATA[[DEBUG] [19-05-2023 15:00:22] Driver geckodriver 0.31.0 found in cache
]]>
            </line>
            <line>
              <![CDATA[[INFO ] [19-05-2023 15:00:22] Exporting webdriver.gecko.driver as /home/thao/.cache/selenium/geckodriver/linux64/0.31.0/geckodriver
]]>
            </line>
            <line>
              <![CDATA[[DEBUG] [19-05-2023 15:00:27] After invocation of beforeClass
]]>
            </line>
          </reporter-output>
        </test-method> <!-- beforeClass -->
        <test-method signature="User_00_Register_TO_System()[pri:0, instance:com.nopcommerce.user.User_00_Registation_Login_Nopcommerce@64a8c844]" started-at="2023-05-19T08:00:27Z" name="User_00_Register_TO_System" finished-at="2023-05-19T08:00:31Z" duration-ms="4109" status="PASS">
          <reporter-output>
            <line>
              <![CDATA[Testcase User_00_Register_TO_System started successfully]]>
            </line>
            <line>
              <![CDATA[Testcase User_00_Register_TO_System started successfully]]>
            </line>
            <line>
              <![CDATA[[DEBUG] [19-05-2023 15:00:27] Before invocation of User_00_Register_TO_System
]]>
            </line>
            <line>
              <![CDATA[[INFO ] [19-05-2023 15:00:27] Register - Step 01: Navigate to 'Home' page
]]>
            </line>
            <line>
              <![CDATA[[INFO ] [19-05-2023 15:00:27] Register - Step 02: Click to 'Register' link 
]]>
            </line>
            <line>
              <![CDATA[[INFO ] [19-05-2023 15:00:28] Register - Step 03: Navigate to 'Register' page 
]]>
            </line>
            <line>
              <![CDATA[[INFO ] [19-05-2023 15:00:28] Register - Step 04: Click to 'Female' gender 
]]>
            </line>
            <line>
              <![CDATA[[INFO ] [19-05-2023 15:00:28] Register - Step 05: Enter to Firstname texbox with value is + 'firstName' + 
]]>
            </line>
            <line>
              <![CDATA[[INFO ] [19-05-2023 15:00:28] Register - Step 06: Enter to lastName textbox with value is + 'lastName'+ 
]]>
            </line>
            <line>
              <![CDATA[[INFO ] [19-05-2023 15:00:28] Register - Step 07: Select to day of birth dropdown
]]>
            </line>
            <line>
              <![CDATA[[INFO ] [19-05-2023 15:00:29] Register - Step 08: Select to month of birth dropdown
]]>
            </line>
            <line>
              <![CDATA[[INFO ] [19-05-2023 15:00:29] Register - Step 09: Select to year of birth dropdown
]]>
            </line>
            <line>
              <![CDATA[[INFO ] [19-05-2023 15:00:29] Register - Step 10 : Enter to Email textbox with value is + 'emailAdress'+
]]>
            </line>
            <line>
              <![CDATA[[INFO ] [19-05-2023 15:00:29] Register - Step 11 : Enter to companyName textbox with value is + 'companyName'+ 
]]>
            </line>
            <line>
              <![CDATA[[INFO ] [19-05-2023 15:00:29] Register - Step 12 : Enter to confirm Userpassword textbox with value is + 'userPassword'+
]]>
            </line>
            <line>
              <![CDATA[[INFO ] [19-05-2023 15:00:30] Register - Step 13 : Enter to Userpassword textbox with value is + 'userPassword'+
]]>
            </line>
            <line>
              <![CDATA[[INFO ] [19-05-2023 15:00:30] Register- Step 14: Click to Register button
]]>
            </line>
            <line>
              <![CDATA[[INFO ] [19-05-2023 15:00:31] Register - Step 15: Verify get registered sucess message
]]>
            </line>
            <line>
              <![CDATA[[DEBUG] [19-05-2023 15:00:31] After invocation of User_00_Register_TO_System
]]>
            </line>
            <line>
              <![CDATA[Testcase User_00_Register_TO_System passed successfully]]>
            </line>
            <line>
              <![CDATA[Testcase User_00_Register_TO_System passed successfully]]>
            </line>
          </reporter-output>
        </test-method> <!-- User_00_Register_TO_System -->
        <test-method is-config="true" signature="afterClass()[pri:0, instance:com.nopcommerce.user.User_00_Registation_Login_Nopcommerce@64a8c844]" started-at="2023-05-19T08:00:31Z" name="afterClass" finished-at="2023-05-19T08:00:31Z" duration-ms="696" status="PASS">
          <reporter-output>
            <line>
              <![CDATA[[DEBUG] [19-05-2023 15:00:31] After invocation of afterClass
]]>
            </line>
          </reporter-output>
        </test-method> <!-- afterClass -->
      </class> <!-- com.nopcommerce.user.User_00_Registation_Login_Nopcommerce -->
    </test> <!-- Run on FIREFOX -->
  </suite> <!-- Nopcommerce -->
</testng-results>
